TN:
SF:src\app.ts
FN:41,(anonymous_1)
FN:42,(anonymous_2)
FN:44,(anonymous_3)
FN:45,(anonymous_4)
FN:46,(anonymous_5)
FNF:5
FNH:4
FNDA:1,(anonymous_1)
FNDA:1,(anonymous_2)
FNDA:0,(anonymous_3)
FNDA:1,(anonymous_4)
FNDA:1,(anonymous_5)
DA:1,1
DA:2,1
DA:3,1
DA:4,1
DA:5,1
DA:6,1
DA:7,1
DA:9,1
DA:10,1
DA:12,1
DA:13,1
DA:14,0
DA:17,1
DA:18,1
DA:20,1
DA:21,0
DA:37,0
DA:38,0
DA:41,1
DA:42,1
DA:43,1
DA:44,1
DA:45,1
DA:46,1
DA:47,1
DA:48,1
DA:49,1
DA:50,1
DA:51,1
DA:52,1
DA:53,1
DA:56,1
DA:59,1
LF:33
LH:29
BRDA:13,0,0,0
BRDA:20,1,0,0
BRF:2
BRH:0
end_of_record
TN:
SF:src\controllers\authController.ts
FN:14,(anonymous_8)
FN:14,(anonymous_9)
FN:42,(anonymous_10)
FN:42,(anonymous_11)
FN:47,(anonymous_12)
FN:47,(anonymous_13)
FN:64,(anonymous_14)
FN:77,(anonymous_15)
FN:91,(anonymous_16)
FN:91,(anonymous_17)
FN:124,(anonymous_18)
FN:124,(anonymous_19)
FN:135,(anonymous_20)
FNF:13
FNH:13
FNDA:1,(anonymous_8)
FNDA:1,(anonymous_9)
FNDA:1,(anonymous_10)
FNDA:1,(anonymous_11)
FNDA:1,(anonymous_12)
FNDA:1,(anonymous_13)
FNDA:1,(anonymous_14)
FNDA:2,(anonymous_15)
FNDA:1,(anonymous_16)
FNDA:1,(anonymous_17)
FNDA:1,(anonymous_18)
FNDA:1,(anonymous_19)
FNDA:1,(anonymous_20)
DA:2,1
DA:3,1
DA:5,1
DA:14,1
DA:15,1
DA:16,1
DA:18,1
DA:19,1
DA:20,0
DA:21,0
DA:24,1
DA:31,1
DA:32,1
DA:34,0
DA:35,0
DA:37,0
DA:42,1
DA:43,1
DA:44,1
DA:45,0
DA:47,1
DA:48,1
DA:49,0
DA:51,1
DA:52,1
DA:53,1
DA:54,0
DA:56,1
DA:57,0
DA:61,1
DA:64,1
DA:65,1
DA:66,1
DA:68,1
DA:70,0
DA:71,0
DA:77,1
DA:78,2
DA:82,2
DA:88,2
DA:91,1
DA:92,1
DA:93,1
DA:95,1
DA:96,1
DA:97,0
DA:98,0
DA:101,1
DA:102,1
DA:103,0
DA:104,0
DA:106,1
DA:108,1
DA:109,1
DA:111,1
DA:116,0
DA:117,0
DA:119,0
DA:124,1
DA:125,1
DA:126,1
DA:127,1
DA:128,0
DA:130,1
DA:131,1
DA:132,0
DA:135,1
DA:136,1
DA:137,1
DA:139,0
DA:140,0
LF:71
LH:49
BRDA:19,0,0,0
BRDA:34,1,0,0
BRDA:34,1,1,0
BRDA:43,2,0,0
BRDA:43,2,1,1
BRDA:43,3,0,1
BRDA:43,3,1,1
BRDA:44,4,0,0
BRDA:48,5,0,0
BRDA:53,6,0,0
BRDA:56,7,0,0
BRDA:96,8,0,0
BRDA:102,9,0,0
BRDA:116,10,0,0
BRDA:116,10,1,0
BRDA:127,11,0,0
BRDA:131,12,0,0
BRF:17
BRH:3
end_of_record
TN:
SF:src\controllers\baseController.ts
FN:8,(anonymous_7)
FN:13,(anonymous_8)
FN:24,(anonymous_10)
FN:39,(anonymous_12)
FN:50,(anonymous_14)
FN:65,(anonymous_16)
FNF:6
FNH:1
FNDA:2,(anonymous_7)
FNDA:0,(anonymous_8)
FNDA:0,(anonymous_10)
FNDA:0,(anonymous_12)
FNDA:0,(anonymous_14)
FNDA:0,(anonymous_16)
DA:9,2
DA:10,2
DA:14,0
DA:15,0
DA:16,0
DA:18,0
DA:19,0
DA:25,0
DA:26,0
DA:27,0
DA:28,0
DA:30,0
DA:33,0
DA:34,0
DA:40,0
DA:41,0
DA:42,0
DA:44,0
DA:45,0
DA:51,0
DA:52,0
DA:53,0
DA:54,0
DA:56,0
DA:59,0
DA:60,0
DA:66,0
DA:67,0
DA:68,0
DA:69,0
DA:71,0
DA:74,0
DA:75,0
DA:80,1
LF:34
LH:3
BRDA:27,0,0,0
BRDA:27,0,1,0
BRDA:53,1,0,0
BRDA:53,1,1,0
BRDA:68,2,0,0
BRDA:68,2,1,0
BRF:6
BRH:0
end_of_record
TN:
SF:src\controllers\postController.ts
FN:7,(anonymous_8)
FN:11,(anonymous_9)
FN:25,(anonymous_11)
FN:40,(anonymous_13)
FN:61,(anonymous_15)
FN:81,(anonymous_17)
FNF:6
FNH:1
FNDA:1,(anonymous_8)
FNDA:0,(anonymous_9)
FNDA:0,(anonymous_11)
FNDA:0,(anonymous_13)
FNDA:0,(anonymous_15)
FNDA:0,(anonymous_17)
DA:2,1
DA:4,1
DA:8,1
DA:12,0
DA:13,0
DA:14,0
DA:17,0
DA:19,0
DA:20,0
DA:26,0
DA:27,0
DA:31,0
DA:32,0
DA:34,0
DA:35,0
DA:41,0
DA:42,0
DA:43,0
DA:49,0
DA:50,0
DA:52,0
DA:54,0
DA:56,0
DA:57,0
DA:62,0
DA:63,0
DA:64,0
DA:70,0
DA:71,0
DA:74,0
DA:76,0
DA:77,0
DA:82,0
DA:83,0
DA:84,0
DA:86,0
DA:87,0
DA:94,1
LF:38
LH:4
BRDA:49,0,0,0
BRDA:70,1,0,0
BRF:2
BRH:0
end_of_record
TN:
SF:src\controllers\userController.ts
FN:18,(anonymous_8)
FN:22,(anonymous_9)
FN:43,(anonymous_11)
FN:70,(anonymous_13)
FN:99,(anonymous_15)
FNF:5
FNH:1
FNDA:1,(anonymous_8)
FNDA:0,(anonymous_9)
FNDA:0,(anonymous_11)
FNDA:0,(anonymous_13)
FNDA:0,(anonymous_15)
DA:2,1
DA:3,1
DA:19,1
DA:23,0
DA:24,0
DA:25,0
DA:26,0
DA:27,0
DA:28,0
DA:30,0
DA:32,0
DA:33,0
DA:34,0
DA:38,0
DA:44,0
DA:45,0
DA:46,0
DA:47,0
DA:48,0
DA:49,0
DA:51,0
DA:52,0
DA:53,0
DA:54,0
DA:55,0
DA:56,0
DA:57,0
DA:59,0
DA:60,0
DA:61,0
DA:65,0
DA:71,0
DA:72,0
DA:73,0
DA:74,0
DA:75,0
DA:76,0
DA:78,0
DA:79,0
DA:80,0
DA:81,0
DA:82,0
DA:84,0
DA:85,0
DA:86,0
DA:88,0
DA:89,0
DA:90,0
DA:94,0
DA:100,0
DA:101,0
DA:102,0
DA:103,0
DA:104,0
DA:105,0
DA:107,0
DA:108,0
DA:109,0
DA:110,0
DA:112,0
DA:113,0
DA:114,0
DA:118,0
DA:124,1
LF:64
LH:4
BRDA:26,0,0,0
BRDA:32,1,0,0
BRDA:32,1,1,0
BRDA:47,2,0,0
BRDA:52,3,0,0
BRDA:52,3,1,0
BRDA:53,4,0,0
BRDA:53,4,1,0
BRDA:54,5,0,0
BRDA:54,5,1,0
BRDA:55,6,0,0
BRDA:55,6,1,0
BRDA:59,7,0,0
BRDA:59,7,1,0
BRDA:74,8,0,0
BRDA:80,9,0,0
BRDA:89,10,0,0
BRDA:89,10,1,0
BRDA:103,11,0,0
BRDA:108,12,0,0
BRDA:108,12,1,0
BRDA:113,13,0,0
BRDA:113,13,1,0
BRF:23
BRH:0
end_of_record
TN:
SF:src\middleware\authMiddleware.ts
FN:4,(anonymous_8)
FN:4,(anonymous_9)
FN:11,(anonymous_10)
FNF:3
FNH:3
FNDA:2,(anonymous_8)
FNDA:2,(anonymous_9)
FNDA:2,(anonymous_10)
DA:2,1
DA:4,2
DA:5,2
DA:6,2
DA:7,2
DA:8,2
DA:9,0
DA:11,2
DA:12,2
DA:13,1
DA:14,1
DA:16,1
DA:17,1
DA:18,1
DA:21,0
DA:22,0
LF:16
LH:13
BRDA:8,0,0,0
BRDA:12,1,0,1
BRF:2
BRH:1
end_of_record
TN:
SF:src\models\postModel.ts
FNF:0
FNH:0
DA:1,1
DA:10,1
DA:33,1
LF:3
LH:3
BRF:0
BRH:0
end_of_record
TN:
SF:src\models\userModel.ts
FN:30,(anonymous_14)
FN:54,(anonymous_15)
FN:66,(anonymous_17)
FNF:3
FNH:3
FNDA:4,(anonymous_14)
FNDA:4,(anonymous_15)
FNDA:1,(anonymous_17)
DA:1,1
DA:2,1
DA:3,1
DA:16,1
DA:30,4
DA:54,1
DA:55,4
DA:57,1
DA:58,1
DA:59,1
DA:60,1
DA:62,0
DA:66,1
DA:69,1
DA:72,1
DA:74,1
LF:16
LH:15
BRDA:55,0,0,3
BRF:1
BRH:1
end_of_record
TN:
SF:src\routes\authRoutes.ts
FNF:0
FNH:0
DA:1,1
DA:2,1
DA:8,1
DA:9,1
DA:87,1
DA:109,1
DA:121,1
DA:137,1
DA:139,1
LF:9
LH:9
BRF:0
BRH:0
end_of_record
TN:
SF:src\routes\postRoutes.ts
FNF:0
FNH:0
DA:1,1
DA:2,1
DA:3,1
DA:5,1
DA:9,1
DA:12,1
DA:15,1
DA:18,1
DA:21,1
DA:24,1
DA:27,1
DA:30,1
DA:32,1
LF:13
LH:13
BRF:0
BRH:0
end_of_record
TN:
SF:src\routes\userRoutes.ts
FNF:0
FNH:0
DA:1,1
DA:2,1
DA:3,1
DA:4,1
DA:7,1
DA:14,1
DA:21,1
DA:28,1
DA:34,1
LF:9
LH:9
BRF:0
BRH:0
end_of_record
